2017-12-08 20:02:55 Error: [MissingControllerException] Controller class FontsController could not be found.
Exception Attributes: array (
  'class' => 'FontsController',
  'plugin' => NULL,
)
Request URL: /fonts/fontawesome-webfont.woff2?v=4.6.3
Stack Trace:
#0 /vagrant/app/webroot/index.php(111): Dispatcher->dispatch(Object(CakeRequest), Object(CakeResponse))
#1 {main}
2017-12-08 20:03:29 Error: [MissingControllerException] Controller class FontsController could not be found.
Exception Attributes: array (
  'class' => 'FontsController',
  'plugin' => NULL,
)
Request URL: /fonts/fontawesome-webfont.woff2?v=4.6.3
Stack Trace:
#0 /vagrant/app/webroot/index.php(111): Dispatcher->dispatch(Object(CakeRequest), Object(CakeResponse))
#1 {main}
2017-12-08 20:05:17 Error: [MissingControllerException] Controller class FontsController could not be found.
Exception Attributes: array (
  'class' => 'FontsController',
  'plugin' => NULL,
)
Request URL: /fonts/fontawesome-webfont.woff2?v=4.6.3
Stack Trace:
#0 /vagrant/app/webroot/index.php(111): Dispatcher->dispatch(Object(CakeRequest), Object(CakeResponse))
#1 {main}
2017-12-08 20:05:49 Error: [MissingViewException] View file "AdminServiceProviders/edit.ctp" is missing.
Exception Attributes: array (
  'file' => 'AdminServiceProviders/edit.ctp',
)
Request URL: /admin/serviceprovider/edit/1
Stack Trace:
#0 /vagrant/lib/Cake/View/View.php(470): View->_getViewFileName(NULL)
#1 /vagrant/lib/Cake/Controller/Controller.php(960): View->render(NULL, NULL)
#2 /vagrant/lib/Cake/Routing/Dispatcher.php(200): Controller->render()
#3 /vagrant/lib/Cake/Routing/Dispatcher.php(167): Dispatcher->_invoke(Object(AdminServiceProvidersController), Object(CakeRequest))
#4 /vagrant/app/webroot/index.php(111): Dispatcher->dispatch(Object(CakeRequest), Object(CakeResponse))
#5 {main}
2017-12-08 20:05:51 Error: [MissingControllerException] Controller class ImgController could not be found.
Exception Attributes: array (
  'class' => 'ImgController',
  'plugin' => NULL,
)
Request URL: /img/cake.power.gif
Stack Trace:
#0 /vagrant/app/webroot/index.php(111): Dispatcher->dispatch(Object(CakeRequest), Object(CakeResponse))
#1 {main}
2017-12-08 20:05:51 Error: [MissingControllerException] Controller class ImgController could not be found.
Exception Attributes: array (
  'class' => 'ImgController',
  'plugin' => NULL,
)
Request URL: /img/cake.icon.png
Stack Trace:
#0 /vagrant/app/webroot/index.php(111): Dispatcher->dispatch(Object(CakeRequest), Object(CakeResponse))
#1 {main}
2017-12-08 20:07:11 Error: [MissingControllerException] Controller class FontsController could not be found.
Exception Attributes: array (
  'class' => 'FontsController',
  'plugin' => NULL,
)
Request URL: /fonts/fontawesome-webfont.woff2?v=4.6.3
Stack Trace:
#0 /vagrant/app/webroot/index.php(111): Dispatcher->dispatch(Object(CakeRequest), Object(CakeResponse))
#1 {main}
2017-12-08 20:07:59 Error: [MissingControllerException] Controller class FontsController could not be found.
Exception Attributes: array (
  'class' => 'FontsController',
  'plugin' => NULL,
)
Request URL: /fonts/fontawesome-webfont.woff2?v=4.6.3
Stack Trace:
#0 /vagrant/app/webroot/index.php(111): Dispatcher->dispatch(Object(CakeRequest), Object(CakeResponse))
#1 {main}
2017-12-08 20:08:47 Error: [MissingControllerException] Controller class FontsController could not be found.
Exception Attributes: array (
  'class' => 'FontsController',
  'plugin' => NULL,
)
Request URL: /fonts/fontawesome-webfont.woff2?v=4.6.3
Stack Trace:
#0 /vagrant/app/webroot/index.php(111): Dispatcher->dispatch(Object(CakeRequest), Object(CakeResponse))
#1 {main}
2017-12-08 20:08:59 Error: [MissingControllerException] Controller class FontsController could not be found.
Exception Attributes: array (
  'class' => 'FontsController',
  'plugin' => NULL,
)
Request URL: /fonts/fontawesome-webfont.woff2?v=4.6.3
Stack Trace:
#0 /vagrant/app/webroot/index.php(111): Dispatcher->dispatch(Object(CakeRequest), Object(CakeResponse))
#1 {main}
2017-12-08 20:09:52 Error: [MissingControllerException] Controller class FontsController could not be found.
Exception Attributes: array (
  'class' => 'FontsController',
  'plugin' => NULL,
)
Request URL: /fonts/fontawesome-webfont.woff2?v=4.6.3
Stack Trace:
#0 /vagrant/app/webroot/index.php(111): Dispatcher->dispatch(Object(CakeRequest), Object(CakeResponse))
#1 {main}
2017-12-08 20:10:52 Error: [MissingControllerException] Controller class FontsController could not be found.
Exception Attributes: array (
  'class' => 'FontsController',
  'plugin' => NULL,
)
Request URL: /fonts/fontawesome-webfont.woff2?v=4.6.3
Stack Trace:
#0 /vagrant/app/webroot/index.php(111): Dispatcher->dispatch(Object(CakeRequest), Object(CakeResponse))
#1 {main}
2017-12-08 20:11:35 Error: [MissingControllerException] Controller class FontsController could not be found.
Exception Attributes: array (
  'class' => 'FontsController',
  'plugin' => NULL,
)
Request URL: /fonts/fontawesome-webfont.woff2?v=4.6.3
Stack Trace:
#0 /vagrant/app/webroot/index.php(111): Dispatcher->dispatch(Object(CakeRequest), Object(CakeResponse))
#1 {main}
2017-12-08 20:14:46 Error: [MissingControllerException] Controller class FontsController could not be found.
Exception Attributes: array (
  'class' => 'FontsController',
  'plugin' => NULL,
)
Request URL: /fonts/fontawesome-webfont.woff2?v=4.6.3
Stack Trace:
#0 /vagrant/app/webroot/index.php(111): Dispatcher->dispatch(Object(CakeRequest), Object(CakeResponse))
#1 {main}
2017-12-11 19:16:32 Error: if
2017-12-12 12:45:32 Error: [MissingControllerException] Controller class HomeController could not be found.
Exception Attributes: array (
  'class' => 'HomeController',
  'plugin' => NULL,
)
Request URL: /home/bootstrap/css/bootstrap.min.css
Stack Trace:
#0 /vagrant/app/webroot/index.php(111): Dispatcher->dispatch(Object(CakeRequest), Object(CakeResponse))
#1 {main}
2017-12-12 12:45:33 Error: [MissingControllerException] Controller class HomeController could not be found.
Exception Attributes: array (
  'class' => 'HomeController',
  'plugin' => NULL,
)
Request URL: /home/font-awesome/css/font-awesome.css
Stack Trace:
#0 /vagrant/app/webroot/index.php(111): Dispatcher->dispatch(Object(CakeRequest), Object(CakeResponse))
#1 {main}
2017-12-12 12:45:34 Error: [MissingControllerException] Controller class HomeController could not be found.
Exception Attributes: array (
  'class' => 'HomeController',
  'plugin' => NULL,
)
Request URL: /home/prism/prism.css
Stack Trace:
#0 /vagrant/app/webroot/index.php(111): Dispatcher->dispatch(Object(CakeRequest), Object(CakeResponse))
#1 {main}
2017-12-12 12:45:36 Error: [MissingControllerException] Controller class HomeController could not be found.
Exception Attributes: array (
  'class' => 'HomeController',
  'plugin' => NULL,
)
Request URL: /home/jquery-1.11.3.min.js
Stack Trace:
#0 /vagrant/app/webroot/index.php(111): Dispatcher->dispatch(Object(CakeRequest), Object(CakeResponse))
#1 {main}
2017-12-12 12:45:36 Error: [MissingControllerException] Controller class HomeController could not be found.
Exception Attributes: array (
  'class' => 'HomeController',
  'plugin' => NULL,
)
Request URL: /home/main.js
Stack Trace:
#0 /vagrant/app/webroot/index.php(111): Dispatcher->dispatch(Object(CakeRequest), Object(CakeResponse))
#1 {main}
2017-12-12 12:45:36 Error: [MissingControllerException] Controller class HomeController could not be found.
Exception Attributes: array (
  'class' => 'HomeController',
  'plugin' => NULL,
)
Request URL: /home/bootstrap/js/bootstrap.min.js
Stack Trace:
#0 /vagrant/app/webroot/index.php(111): Dispatcher->dispatch(Object(CakeRequest), Object(CakeResponse))
#1 {main}
2017-12-12 12:45:36 Error: [MissingControllerException] Controller class HomeController could not be found.
Exception Attributes: array (
  'class' => 'HomeController',
  'plugin' => NULL,
)
Request URL: /home/jquery.easing.1.3.js
Stack Trace:
#0 /vagrant/app/webroot/index.php(111): Dispatcher->dispatch(Object(CakeRequest), Object(CakeResponse))
#1 {main}
2017-12-12 12:45:36 Error: [MissingControllerException] Controller class HomeController could not be found.
Exception Attributes: array (
  'class' => 'HomeController',
  'plugin' => NULL,
)
Request URL: /home/jquery-scrollTo/jquery.scrollTo.min.js
Stack Trace:
#0 /vagrant/app/webroot/index.php(111): Dispatcher->dispatch(Object(CakeRequest), Object(CakeResponse))
#1 {main}
2017-12-12 12:45:37 Error: [MissingControllerException] Controller class HomeController could not be found.
Exception Attributes: array (
  'class' => 'HomeController',
  'plugin' => NULL,
)
Request URL: /home/prism/prism.js
Stack Trace:
#0 /vagrant/app/webroot/index.php(111): Dispatcher->dispatch(Object(CakeRequest), Object(CakeResponse))
#1 {main}
2017-12-12 12:45:38 Error: [MissingControllerException] Controller class HomeController could not be found.
Exception Attributes: array (
  'class' => 'HomeController',
  'plugin' => NULL,
)
Request URL: /home/bootstrap/js/bootstrap.min.js
Stack Trace:
#0 /vagrant/app/webroot/index.php(111): Dispatcher->dispatch(Object(CakeRequest), Object(CakeResponse))
#1 {main}
2017-12-12 12:45:38 Error: [MissingControllerException] Controller class HomeController could not be found.
Exception Attributes: array (
  'class' => 'HomeController',
  'plugin' => NULL,
)
Request URL: /home/jquery-scrollTo/jquery.scrollTo.min.js
Stack Trace:
#0 /vagrant/app/webroot/index.php(111): Dispatcher->dispatch(Object(CakeRequest), Object(CakeResponse))
#1 {main}
2017-12-12 12:45:39 Error: [MissingControllerException] Controller class HomeController could not be found.
Exception Attributes: array (
  'class' => 'HomeController',
  'plugin' => NULL,
)
Request URL: /home/prism/prism.js
Stack Trace:
#0 /vagrant/app/webroot/index.php(111): Dispatcher->dispatch(Object(CakeRequest), Object(CakeResponse))
#1 {main}
2017-12-12 12:45:39 Error: [MissingControllerException] Controller class HomeController could not be found.
Exception Attributes: array (
  'class' => 'HomeController',
  'plugin' => NULL,
)
Request URL: /home/main.js
Stack Trace:
#0 /vagrant/app/webroot/index.php(111): Dispatcher->dispatch(Object(CakeRequest), Object(CakeResponse))
#1 {main}
2017-12-12 12:46:05 Error: [MissingControllerException] Controller class CssController could not be found.
Exception Attributes: array (
  'class' => 'CssController',
  'plugin' => NULL,
)
Request URL: /css/css/home/prism/prism.css
Stack Trace:
#0 /vagrant/app/webroot/index.php(111): Dispatcher->dispatch(Object(CakeRequest), Object(CakeResponse))
#1 {main}
2017-12-12 12:46:05 Error: [MissingControllerException] Controller class CssController could not be found.
Exception Attributes: array (
  'class' => 'CssController',
  'plugin' => NULL,
)
Request URL: /css/css/home/bootstrap/css/bootstrap.min.css
Stack Trace:
#0 /vagrant/app/webroot/index.php(111): Dispatcher->dispatch(Object(CakeRequest), Object(CakeResponse))
#1 {main}
2017-12-12 12:46:05 Error: [MissingControllerException] Controller class CssController could not be found.
Exception Attributes: array (
  'class' => 'CssController',
  'plugin' => NULL,
)
Request URL: /css/css/home/font-awesome/css/font-awesome.css
Stack Trace:
#0 /vagrant/app/webroot/index.php(111): Dispatcher->dispatch(Object(CakeRequest), Object(CakeResponse))
#1 {main}
2017-12-12 12:46:07 Error: [MissingControllerException] Controller class JsController could not be found.
Exception Attributes: array (
  'class' => 'JsController',
  'plugin' => NULL,
)
Request URL: /js/js/home/jquery-1.11.3.min.js
Stack Trace:
#0 /vagrant/app/webroot/index.php(111): Dispatcher->dispatch(Object(CakeRequest), Object(CakeResponse))
#1 {main}
2017-12-12 12:46:07 Error: [MissingControllerException] Controller class JsController could not be found.
Exception Attributes: array (
  'class' => 'JsController',
  'plugin' => NULL,
)
Request URL: /js/js/home/jquery.easing.1.3.js
Stack Trace:
#0 /vagrant/app/webroot/index.php(111): Dispatcher->dispatch(Object(CakeRequest), Object(CakeResponse))
#1 {main}
2017-12-12 12:46:07 Error: [MissingControllerException] Controller class JsController could not be found.
Exception Attributes: array (
  'class' => 'JsController',
  'plugin' => NULL,
)
Request URL: /js/js/home/jquery-scrollTo/jquery.scrollTo.min.js
Stack Trace:
#0 /vagrant/app/webroot/index.php(111): Dispatcher->dispatch(Object(CakeRequest), Object(CakeResponse))
#1 {main}
2017-12-12 12:46:07 Error: [MissingControllerException] Controller class JsController could not be found.
Exception Attributes: array (
  'class' => 'JsController',
  'plugin' => NULL,
)
Request URL: /js/js/home/main.js
Stack Trace:
#0 /vagrant/app/webroot/index.php(111): Dispatcher->dispatch(Object(CakeRequest), Object(CakeResponse))
#1 {main}
2017-12-12 12:46:07 Error: [MissingControllerException] Controller class JsController could not be found.
Exception Attributes: array (
  'class' => 'JsController',
  'plugin' => NULL,
)
Request URL: /js/js/home/prism/prism.js
Stack Trace:
#0 /vagrant/app/webroot/index.php(111): Dispatcher->dispatch(Object(CakeRequest), Object(CakeResponse))
#1 {main}
2017-12-12 12:46:07 Error: [MissingControllerException] Controller class JsController could not be found.
Exception Attributes: array (
  'class' => 'JsController',
  'plugin' => NULL,
)
Request URL: /js/js/home/bootstrap/js/bootstrap.min.js
Stack Trace:
#0 /vagrant/app/webroot/index.php(111): Dispatcher->dispatch(Object(CakeRequest), Object(CakeResponse))
#1 {main}
2017-12-12 12:46:08 Error: [MissingControllerException] Controller class JsController could not be found.
Exception Attributes: array (
  'class' => 'JsController',
  'plugin' => NULL,
)
Request URL: /js/js/home/jquery-scrollTo/jquery.scrollTo.min.js
Stack Trace:
#0 /vagrant/app/webroot/index.php(111): Dispatcher->dispatch(Object(CakeRequest), Object(CakeResponse))
#1 {main}
2017-12-12 12:46:08 Error: [MissingControllerException] Controller class JsController could not be found.
Exception Attributes: array (
  'class' => 'JsController',
  'plugin' => NULL,
)
Request URL: /js/js/home/prism/prism.js
Stack Trace:
#0 /vagrant/app/webroot/index.php(111): Dispatcher->dispatch(Object(CakeRequest), Object(CakeResponse))
#1 {main}
2017-12-12 12:46:09 Error: [MissingControllerException] Controller class JsController could not be found.
Exception Attributes: array (
  'class' => 'JsController',
  'plugin' => NULL,
)
Request URL: /js/js/home/main.js
Stack Trace:
#0 /vagrant/app/webroot/index.php(111): Dispatcher->dispatch(Object(CakeRequest), Object(CakeResponse))
#1 {main}
2017-12-12 12:46:25 Error: [MissingControllerException] Controller class HomeController could not be found.
Exception Attributes: array (
  'class' => 'HomeController',
  'plugin' => NULL,
)
Request URL: /home/prism/prism.css
Stack Trace:
#0 /vagrant/app/webroot/index.php(111): Dispatcher->dispatch(Object(CakeRequest), Object(CakeResponse))
#1 {main}
2017-12-12 12:46:25 Error: [MissingControllerException] Controller class HomeController could not be found.
Exception Attributes: array (
  'class' => 'HomeController',
  'plugin' => NULL,
)
Request URL: /home/font-awesome/css/font-awesome.css
Stack Trace:
#0 /vagrant/app/webroot/index.php(111): Dispatcher->dispatch(Object(CakeRequest), Object(CakeResponse))
#1 {main}
2017-12-12 12:46:25 Error: [MissingControllerException] Controller class HomeController could not be found.
Exception Attributes: array (
  'class' => 'HomeController',
  'plugin' => NULL,
)
Request URL: /home/bootstrap/css/bootstrap.min.css
Stack Trace:
#0 /vagrant/app/webroot/index.php(111): Dispatcher->dispatch(Object(CakeRequest), Object(CakeResponse))
#1 {main}
2017-12-12 12:46:27 Error: [MissingControllerException] Controller class HomeController could not be found.
Exception Attributes: array (
  'class' => 'HomeController',
  'plugin' => NULL,
)
Request URL: /home/jquery-1.11.3.min.js
Stack Trace:
#0 /vagrant/app/webroot/index.php(111): Dispatcher->dispatch(Object(CakeRequest), Object(CakeResponse))
#1 {main}
2017-12-12 12:46:27 Error: [MissingControllerException] Controller class HomeController could not be found.
Exception Attributes: array (
  'class' => 'HomeController',
  'plugin' => NULL,
)
Request URL: /home/prism/prism.css
Stack Trace:
#0 /vagrant/app/webroot/index.php(111): Dispatcher->dispatch(Object(CakeRequest), Object(CakeResponse))
#1 {main}
2017-12-12 12:46:27 Error: [MissingControllerException] Controller class HomeController could not be found.
Exception Attributes: array (
  'class' => 'HomeController',
  'plugin' => NULL,
)
Request URL: /home/bootstrap/css/bootstrap.min.css
Stack Trace:
#0 /vagrant/app/webroot/index.php(111): Dispatcher->dispatch(Object(CakeRequest), Object(CakeResponse))
#1 {main}
2017-12-12 12:46:27 Error: [MissingControllerException] Controller class HomeController could not be found.
Exception Attributes: array (
  'class' => 'HomeController',
  'plugin' => NULL,
)
Request URL: /home/font-awesome/css/font-awesome.css
Stack Trace:
#0 /vagrant/app/webroot/index.php(111): Dispatcher->dispatch(Object(CakeRequest), Object(CakeResponse))
#1 {main}
2017-12-12 12:46:28 Error: [MissingControllerException] Controller class HomeController could not be found.
Exception Attributes: array (
  'class' => 'HomeController',
  'plugin' => NULL,
)
Request URL: /home/prism/prism.js
Stack Trace:
#0 /vagrant/app/webroot/index.php(111): Dispatcher->dispatch(Object(CakeRequest), Object(CakeResponse))
#1 {main}
2017-12-12 12:46:28 Error: [MissingControllerException] Controller class HomeController could not be found.
Exception Attributes: array (
  'class' => 'HomeController',
  'plugin' => NULL,
)
Request URL: /home/jquery-scrollTo/jquery.scrollTo.min.js
Stack Trace:
#0 /vagrant/app/webroot/index.php(111): Dispatcher->dispatch(Object(CakeRequest), Object(CakeResponse))
#1 {main}
2017-12-12 12:46:28 Error: [MissingControllerException] Controller class HomeController could not be found.
Exception Attributes: array (
  'class' => 'HomeController',
  'plugin' => NULL,
)
Request URL: /home/main.js
Stack Trace:
#0 /vagrant/app/webroot/index.php(111): Dispatcher->dispatch(Object(CakeRequest), Object(CakeResponse))
#1 {main}
2017-12-12 12:46:28 Error: [MissingControllerException] Controller class HomeController could not be found.
Exception Attributes: array (
  'class' => 'HomeController',
  'plugin' => NULL,
)
Request URL: /home/bootstrap/js/bootstrap.min.js
Stack Trace:
#0 /vagrant/app/webroot/index.php(111): Dispatcher->dispatch(Object(CakeRequest), Object(CakeResponse))
#1 {main}
2017-12-12 12:46:28 Error: [MissingControllerException] Controller class HomeController could not be found.
Exception Attributes: array (
  'class' => 'HomeController',
  'plugin' => NULL,
)
Request URL: /home/jquery.easing.1.3.js
Stack Trace:
#0 /vagrant/app/webroot/index.php(111): Dispatcher->dispatch(Object(CakeRequest), Object(CakeResponse))
#1 {main}
2017-12-12 12:46:28 Error: [MissingControllerException] Controller class HomeController could not be found.
Exception Attributes: array (
  'class' => 'HomeController',
  'plugin' => NULL,
)
Request URL: /home/jquery-1.11.3.min.js
Stack Trace:
#0 /vagrant/app/webroot/index.php(111): Dispatcher->dispatch(Object(CakeRequest), Object(CakeResponse))
#1 {main}
2017-12-12 12:46:29 Error: [MissingControllerException] Controller class HomeController could not be found.
Exception Attributes: array (
  'class' => 'HomeController',
  'plugin' => NULL,
)
Request URL: /home/bootstrap/js/bootstrap.min.js
Stack Trace:
#0 /vagrant/app/webroot/index.php(111): Dispatcher->dispatch(Object(CakeRequest), Object(CakeResponse))
#1 {main}
2017-12-12 12:46:30 Error: [MissingControllerException] Controller class HomeController could not be found.
Exception Attributes: array (
  'class' => 'HomeController',
  'plugin' => NULL,
)
Request URL: /home/jquery-scrollTo/jquery.scrollTo.min.js
Stack Trace:
#0 /vagrant/app/webroot/index.php(111): Dispatcher->dispatch(Object(CakeRequest), Object(CakeResponse))
#1 {main}
2017-12-12 12:46:30 Error: [MissingControllerException] Controller class HomeController could not be found.
Exception Attributes: array (
  'class' => 'HomeController',
  'plugin' => NULL,
)
Request URL: /home/prism/prism.js
Stack Trace:
#0 /vagrant/app/webroot/index.php(111): Dispatcher->dispatch(Object(CakeRequest), Object(CakeResponse))
#1 {main}
2017-12-12 12:46:30 Error: [MissingControllerException] Controller class HomeController could not be found.
Exception Attributes: array (
  'class' => 'HomeController',
  'plugin' => NULL,
)
Request URL: /home/main.js
Stack Trace:
#0 /vagrant/app/webroot/index.php(111): Dispatcher->dispatch(Object(CakeRequest), Object(CakeResponse))
#1 {main}
2017-12-12 12:46:39 Error: [MissingControllerException] Controller class HomeController could not be found.
Exception Attributes: array (
  'class' => 'HomeController',
  'plugin' => NULL,
)
Request URL: /home/bootstrap/css/bootstrap.min.css
Stack Trace:
#0 /vagrant/app/webroot/index.php(111): Dispatcher->dispatch(Object(CakeRequest), Object(CakeResponse))
#1 {main}
2017-12-12 12:46:39 Error: [MissingControllerException] Controller class HomeController could not be found.
Exception Attributes: array (
  'class' => 'HomeController',
  'plugin' => NULL,
)
Request URL: /home/font-awesome/css/font-awesome.css
Stack Trace:
#0 /vagrant/app/webroot/index.php(111): Dispatcher->dispatch(Object(CakeRequest), Object(CakeResponse))
#1 {main}
2017-12-12 12:46:39 Error: [MissingControllerException] Controller class HomeController could not be found.
Exception Attributes: array (
  'class' => 'HomeController',
  'plugin' => NULL,
)
Request URL: /home/prism/prism.css
Stack Trace:
#0 /vagrant/app/webroot/index.php(111): Dispatcher->dispatch(Object(CakeRequest), Object(CakeResponse))
#1 {main}
2017-12-12 12:46:41 Error: [MissingControllerException] Controller class HomeController could not be found.
Exception Attributes: array (
  'class' => 'HomeController',
  'plugin' => NULL,
)
Request URL: /home/prism/prism.css
Stack Trace:
#0 /vagrant/app/webroot/index.php(111): Dispatcher->dispatch(Object(CakeRequest), Object(CakeResponse))
#1 {main}
2017-12-12 12:46:41 Error: [MissingControllerException] Controller class HomeController could not be found.
Exception Attributes: array (
  'class' => 'HomeController',
  'plugin' => NULL,
)
Request URL: /home/bootstrap/css/bootstrap.min.css
Stack Trace:
#0 /vagrant/app/webroot/index.php(111): Dispatcher->dispatch(Object(CakeRequest), Object(CakeResponse))
#1 {main}
2017-12-12 12:46:41 Error: [MissingControllerException] Controller class HomeController could not be found.
Exception Attributes: array (
  'class' => 'HomeController',
  'plugin' => NULL,
)
Request URL: /home/font-awesome/css/font-awesome.css
Stack Trace:
#0 /vagrant/app/webroot/index.php(111): Dispatcher->dispatch(Object(CakeRequest), Object(CakeResponse))
#1 {main}
2017-12-12 12:46:55 Error: [MissingControllerException] Controller class HomeController could not be found.
Exception Attributes: array (
  'class' => 'HomeController',
  'plugin' => NULL,
)
Request URL: /home/prism/prism.css
Stack Trace:
#0 /vagrant/app/webroot/index.php(111): Dispatcher->dispatch(Object(CakeRequest), Object(CakeResponse))
#1 {main}
2017-12-12 12:46:55 Error: [MissingControllerException] Controller class HomeController could not be found.
Exception Attributes: array (
  'class' => 'HomeController',
  'plugin' => NULL,
)
Request URL: /home/bootstrap/css/bootstrap.min.css
Stack Trace:
#0 /vagrant/app/webroot/index.php(111): Dispatcher->dispatch(Object(CakeRequest), Object(CakeResponse))
#1 {main}
2017-12-12 12:46:55 Error: [MissingControllerException] Controller class HomeController could not be found.
Exception Attributes: array (
  'class' => 'HomeController',
  'plugin' => NULL,
)
Request URL: /home/font-awesome/css/font-awesome.css
Stack Trace:
#0 /vagrant/app/webroot/index.php(111): Dispatcher->dispatch(Object(CakeRequest), Object(CakeResponse))
#1 {main}
